<?xml version="1.0" encoding="UTF-8"?>
<testsuite xmlns:xsi="http://www.w3.org/2001/XMLSchema-instance" xsi:noNamespaceSchemaLocation="https://maven.apache.org/surefire/maven-surefire-plugin/xsd/surefire-test-report.xsd" name="com.lisk.keyword.KeywordApplicationTests" time="12.277" tests="1" errors="0" skipped="0" failures="0">
  <properties>
    <property name="sun.desktop" value="windows"/>
    <property name="awt.toolkit" value="sun.awt.windows.WToolkit"/>
    <property name="file.encoding.pkg" value="sun.io"/>
    <property name="java.specification.version" value="1.8"/>
    <property name="sun.cpu.isalist" value="amd64"/>
    <property name="sun.jnu.encoding" value="GBK"/>
    <property name="java.class.path" value="D:\IDEA\Project\keyword\target\test-classes;D:\IDEA\Project\keyword\target\classes;E:\JavaWeb\Maven\org\springframework\boot\spring-boot-starter-thymeleaf\2.2.2.RELEASE\spring-boot-starter-thymeleaf-2.2.2.RELEASE.jar;E:\JavaWeb\Maven\org\springframework\boot\spring-boot-starter\2.2.2.RELEASE\spring-boot-starter-2.2.2.RELEASE.jar;E:\JavaWeb\Maven\org\springframework\boot\spring-boot-starter-logging\2.2.2.RELEASE\spring-boot-starter-logging-2.2.2.RELEASE.jar;E:\JavaWeb\Maven\ch\qos\logback\logback-classic\1.2.3\logback-classic-1.2.3.jar;E:\JavaWeb\Maven\ch\qos\logback\logback-core\1.2.3\logback-core-1.2.3.jar;E:\JavaWeb\Maven\org\apache\logging\log4j\log4j-to-slf4j\2.12.1\log4j-to-slf4j-2.12.1.jar;E:\JavaWeb\Maven\org\apache\logging\log4j\log4j-api\2.12.1\log4j-api-2.12.1.jar;E:\JavaWeb\Maven\org\slf4j\jul-to-slf4j\1.7.29\jul-to-slf4j-1.7.29.jar;E:\JavaWeb\Maven\jakarta\annotation\jakarta.annotation-api\1.3.5\jakarta.annotation-api-1.3.5.jar;E:\JavaWeb\Maven\org\yaml\snakeyaml\1.25\snakeyaml-1.25.jar;E:\JavaWeb\Maven\org\thymeleaf\thymeleaf-spring5\3.0.11.RELEASE\thymeleaf-spring5-3.0.11.RELEASE.jar;E:\JavaWeb\Maven\org\thymeleaf\thymeleaf\3.0.11.RELEASE\thymeleaf-3.0.11.RELEASE.jar;E:\JavaWeb\Maven\org\attoparser\attoparser\2.0.5.RELEASE\attoparser-2.0.5.RELEASE.jar;E:\JavaWeb\Maven\org\unbescape\unbescape\1.1.6.RELEASE\unbescape-1.1.6.RELEASE.jar;E:\JavaWeb\Maven\org\thymeleaf\extras\thymeleaf-extras-java8time\3.0.4.RELEASE\thymeleaf-extras-java8time-3.0.4.RELEASE.jar;E:\JavaWeb\Maven\org\springframework\boot\spring-boot-starter-web\2.2.2.RELEASE\spring-boot-starter-web-2.2.2.RELEASE.jar;E:\JavaWeb\Maven\org\springframework\boot\spring-boot-starter-json\2.2.2.RELEASE\spring-boot-starter-json-2.2.2.RELEASE.jar;E:\JavaWeb\Maven\com\fasterxml\jackson\core\jackson-databind\2.10.1\jackson-databind-2.10.1.jar;E:\JavaWeb\Maven\com\fasterxml\jackson\core\jackson-annotations\2.10.1\jackson-annotations-2.10.1.jar;E:\JavaWeb\Maven\com\fasterxml\jackson\core\jackson-core\2.10.1\jackson-core-2.10.1.jar;E:\JavaWeb\Maven\com\fasterxml\jackson\datatype\jackson-datatype-jdk8\2.10.1\jackson-datatype-jdk8-2.10.1.jar;E:\JavaWeb\Maven\com\fasterxml\jackson\datatype\jackson-datatype-jsr310\2.10.1\jackson-datatype-jsr310-2.10.1.jar;E:\JavaWeb\Maven\com\fasterxml\jackson\module\jackson-module-parameter-names\2.10.1\jackson-module-parameter-names-2.10.1.jar;E:\JavaWeb\Maven\org\springframework\boot\spring-boot-starter-tomcat\2.2.2.RELEASE\spring-boot-starter-tomcat-2.2.2.RELEASE.jar;E:\JavaWeb\Maven\org\apache\tomcat\embed\tomcat-embed-core\9.0.29\tomcat-embed-core-9.0.29.jar;E:\JavaWeb\Maven\org\apache\tomcat\embed\tomcat-embed-el\9.0.29\tomcat-embed-el-9.0.29.jar;E:\JavaWeb\Maven\org\apache\tomcat\embed\tomcat-embed-websocket\9.0.29\tomcat-embed-websocket-9.0.29.jar;E:\JavaWeb\Maven\org\springframework\boot\spring-boot-starter-validation\2.2.2.RELEASE\spring-boot-starter-validation-2.2.2.RELEASE.jar;E:\JavaWeb\Maven\jakarta\validation\jakarta.validation-api\2.0.1\jakarta.validation-api-2.0.1.jar;E:\JavaWeb\Maven\org\hibernate\validator\hibernate-validator\6.0.18.Final\hibernate-validator-6.0.18.Final.jar;E:\JavaWeb\Maven\org\jboss\logging\jboss-logging\3.4.1.Final\jboss-logging-3.4.1.Final.jar;E:\JavaWeb\Maven\com\fasterxml\classmate\1.5.1\classmate-1.5.1.jar;E:\JavaWeb\Maven\org\springframework\spring-web\5.2.2.RELEASE\spring-web-5.2.2.RELEASE.jar;E:\JavaWeb\Maven\org\springframework\spring-beans\5.2.2.RELEASE\spring-beans-5.2.2.RELEASE.jar;E:\JavaWeb\Maven\org\springframework\spring-webmvc\5.2.2.RELEASE\spring-webmvc-5.2.2.RELEASE.jar;E:\JavaWeb\Maven\org\springframework\spring-aop\5.2.2.RELEASE\spring-aop-5.2.2.RELEASE.jar;E:\JavaWeb\Maven\org\springframework\spring-context\5.2.2.RELEASE\spring-context-5.2.2.RELEASE.jar;E:\JavaWeb\Maven\org\springframework\spring-expression\5.2.2.RELEASE\spring-expression-5.2.2.RELEASE.jar;E:\JavaWeb\Maven\mysql\mysql-connector-java\8.0.18\mysql-connector-java-8.0.18.jar;E:\JavaWeb\Maven\org\springframework\boot\spring-boot-starter-test\2.2.2.RELEASE\spring-boot-starter-test-2.2.2.RELEASE.jar;E:\JavaWeb\Maven\org\springframework\boot\spring-boot-test\2.2.2.RELEASE\spring-boot-test-2.2.2.RELEASE.jar;E:\JavaWeb\Maven\org\springframework\boot\spring-boot-test-autoconfigure\2.2.2.RELEASE\spring-boot-test-autoconfigure-2.2.2.RELEASE.jar;E:\JavaWeb\Maven\com\jayway\jsonpath\json-path\2.4.0\json-path-2.4.0.jar;E:\JavaWeb\Maven\net\minidev\json-smart\2.3\json-smart-2.3.jar;E:\JavaWeb\Maven\net\minidev\accessors-smart\1.2\accessors-smart-1.2.jar;E:\JavaWeb\Maven\org\ow2\asm\asm\5.0.4\asm-5.0.4.jar;E:\JavaWeb\Maven\jakarta\xml\bind\jakarta.xml.bind-api\2.3.2\jakarta.xml.bind-api-2.3.2.jar;E:\JavaWeb\Maven\jakarta\activation\jakarta.activation-api\1.2.1\jakarta.activation-api-1.2.1.jar;E:\JavaWeb\Maven\org\junit\jupiter\junit-jupiter\5.5.2\junit-jupiter-5.5.2.jar;E:\JavaWeb\Maven\org\junit\jupiter\junit-jupiter-api\5.5.2\junit-jupiter-api-5.5.2.jar;E:\JavaWeb\Maven\org\apiguardian\apiguardian-api\1.1.0\apiguardian-api-1.1.0.jar;E:\JavaWeb\Maven\org\opentest4j\opentest4j\1.2.0\opentest4j-1.2.0.jar;E:\JavaWeb\Maven\org\junit\platform\junit-platform-commons\1.5.2\junit-platform-commons-1.5.2.jar;E:\JavaWeb\Maven\org\junit\jupiter\junit-jupiter-params\5.5.2\junit-jupiter-params-5.5.2.jar;E:\JavaWeb\Maven\org\junit\jupiter\junit-jupiter-engine\5.5.2\junit-jupiter-engine-5.5.2.jar;E:\JavaWeb\Maven\org\junit\platform\junit-platform-engine\1.5.2\junit-platform-engine-1.5.2.jar;E:\JavaWeb\Maven\org\mockito\mockito-junit-jupiter\3.1.0\mockito-junit-jupiter-3.1.0.jar;E:\JavaWeb\Maven\org\assertj\assertj-core\3.13.2\assertj-core-3.13.2.jar;E:\JavaWeb\Maven\org\hamcrest\hamcrest\2.1\hamcrest-2.1.jar;E:\JavaWeb\Maven\org\mockito\mockito-core\3.1.0\mockito-core-3.1.0.jar;E:\JavaWeb\Maven\net\bytebuddy\byte-buddy\1.10.4\byte-buddy-1.10.4.jar;E:\JavaWeb\Maven\net\bytebuddy\byte-buddy-agent\1.10.4\byte-buddy-agent-1.10.4.jar;E:\JavaWeb\Maven\org\objenesis\objenesis\2.6\objenesis-2.6.jar;E:\JavaWeb\Maven\org\skyscreamer\jsonassert\1.5.0\jsonassert-1.5.0.jar;E:\JavaWeb\Maven\com\vaadin\external\google\android-json\0.0.20131108.vaadin1\android-json-0.0.20131108.vaadin1.jar;E:\JavaWeb\Maven\org\springframework\spring-core\5.2.2.RELEASE\spring-core-5.2.2.RELEASE.jar;E:\JavaWeb\Maven\org\springframework\spring-jcl\5.2.2.RELEASE\spring-jcl-5.2.2.RELEASE.jar;E:\JavaWeb\Maven\org\springframework\spring-test\5.2.2.RELEASE\spring-test-5.2.2.RELEASE.jar;E:\JavaWeb\Maven\org\xmlunit\xmlunit-core\2.6.3\xmlunit-core-2.6.3.jar;E:\JavaWeb\Maven\net\sf\json-lib\json-lib\2.4\json-lib-2.4-jdk15.jar;E:\JavaWeb\Maven\commons-beanutils\commons-beanutils\1.8.0\commons-beanutils-1.8.0.jar;E:\JavaWeb\Maven\commons-collections\commons-collections\3.2.1\commons-collections-3.2.1.jar;E:\JavaWeb\Maven\commons-lang\commons-lang\2.5\commons-lang-2.5.jar;E:\JavaWeb\Maven\commons-logging\commons-logging\1.1.1\commons-logging-1.1.1.jar;E:\JavaWeb\Maven\net\sf\ezmorph\ezmorph\1.0.6\ezmorph-1.0.6.jar;E:\JavaWeb\Maven\org\springframework\boot\spring-boot-devtools\2.2.2.RELEASE\spring-boot-devtools-2.2.2.RELEASE.jar;E:\JavaWeb\Maven\org\springframework\boot\spring-boot\2.2.2.RELEASE\spring-boot-2.2.2.RELEASE.jar;E:\JavaWeb\Maven\org\springframework\boot\spring-boot-autoconfigure\2.2.2.RELEASE\spring-boot-autoconfigure-2.2.2.RELEASE.jar;E:\JavaWeb\Maven\com\baomidou\mybatis-plus-boot-starter\2.3\mybatis-plus-boot-starter-2.3.jar;E:\JavaWeb\Maven\com\baomidou\mybatis-plus\2.3\mybatis-plus-2.3.jar;E:\JavaWeb\Maven\com\baomidou\mybatis-plus-generate\2.3\mybatis-plus-generate-2.3.jar;E:\JavaWeb\Maven\org\springframework\boot\spring-boot-starter-jdbc\2.2.2.RELEASE\spring-boot-starter-jdbc-2.2.2.RELEASE.jar;E:\JavaWeb\Maven\com\zaxxer\HikariCP\3.4.1\HikariCP-3.4.1.jar;E:\JavaWeb\Maven\org\springframework\spring-jdbc\5.2.2.RELEASE\spring-jdbc-5.2.2.RELEASE.jar;E:\JavaWeb\Maven\org\springframework\spring-tx\5.2.2.RELEASE\spring-tx-5.2.2.RELEASE.jar;E:\JavaWeb\Maven\commons-codec\commons-codec\1.13\commons-codec-1.13.jar;E:\JavaWeb\Maven\org\slf4j\slf4j-nop\1.7.2\slf4j-nop-1.7.2.jar;E:\JavaWeb\Maven\org\slf4j\slf4j-api\1.7.29\slf4j-api-1.7.29.jar;E:\JavaWeb\Maven\com\baomidou\mybatis-plus-core\2.3\mybatis-plus-core-2.3.jar;E:\JavaWeb\Maven\com\baomidou\mybatis-plus-support\2.3\mybatis-plus-support-2.3.jar;E:\JavaWeb\Maven\com\github\jsqlparser\jsqlparser\1.1\jsqlparser-1.1.jar;E:\JavaWeb\Maven\org\mybatis\mybatis-spring\1.3.2\mybatis-spring-1.3.2.jar;E:\JavaWeb\Maven\org\mybatis\mybatis\3.4.6\mybatis-3.4.6.jar;E:\JavaWeb\Maven\org\apache\velocity\velocity-engine-core\2.2\velocity-engine-core-2.2.jar;E:\JavaWeb\Maven\org\apache\commons\commons-lang3\3.9\commons-lang3-3.9.jar;"/>
    <property name="java.vm.vendor" value="Oracle Corporation"/>
    <property name="sun.arch.data.model" value="64"/>
    <property name="user.variant" value=""/>
    <property name="java.vendor.url" value="http://java.oracle.com/"/>
    <property name="user.timezone" value="Asia/Shanghai"/>
    <property name="java.vm.specification.version" value="1.8"/>
    <property name="os.name" value="Windows 8.1"/>
    <property name="user.country" value="CN"/>
    <property name="sun.java.launcher" value="SUN_STANDARD"/>
    <property name="sun.boot.library.path" value="D:\123456\JAVA\jdk1.8.0_25\jre\bin"/>
    <property name="sun.java.command" value="C:\Users\lSHIK\AppData\Local\Temp\surefire8673841981297261068\surefirebooter3037432947858579600.jar C:\Users\lSHIK\AppData\Local\Temp\surefire8673841981297261068 2020-05-14T22-38-33_648-jvmRun1 surefire8165202908804162672tmp surefire_03177227312952075750tmp"/>
    <property name="surefire.test.class.path" value="D:\IDEA\Project\keyword\target\test-classes;D:\IDEA\Project\keyword\target\classes;E:\JavaWeb\Maven\org\springframework\boot\spring-boot-starter-thymeleaf\2.2.2.RELEASE\spring-boot-starter-thymeleaf-2.2.2.RELEASE.jar;E:\JavaWeb\Maven\org\springframework\boot\spring-boot-starter\2.2.2.RELEASE\spring-boot-starter-2.2.2.RELEASE.jar;E:\JavaWeb\Maven\org\springframework\boot\spring-boot-starter-logging\2.2.2.RELEASE\spring-boot-starter-logging-2.2.2.RELEASE.jar;E:\JavaWeb\Maven\ch\qos\logback\logback-classic\1.2.3\logback-classic-1.2.3.jar;E:\JavaWeb\Maven\ch\qos\logback\logback-core\1.2.3\logback-core-1.2.3.jar;E:\JavaWeb\Maven\org\apache\logging\log4j\log4j-to-slf4j\2.12.1\log4j-to-slf4j-2.12.1.jar;E:\JavaWeb\Maven\org\apache\logging\log4j\log4j-api\2.12.1\log4j-api-2.12.1.jar;E:\JavaWeb\Maven\org\slf4j\jul-to-slf4j\1.7.29\jul-to-slf4j-1.7.29.jar;E:\JavaWeb\Maven\jakarta\annotation\jakarta.annotation-api\1.3.5\jakarta.annotation-api-1.3.5.jar;E:\JavaWeb\Maven\org\yaml\snakeyaml\1.25\snakeyaml-1.25.jar;E:\JavaWeb\Maven\org\thymeleaf\thymeleaf-spring5\3.0.11.RELEASE\thymeleaf-spring5-3.0.11.RELEASE.jar;E:\JavaWeb\Maven\org\thymeleaf\thymeleaf\3.0.11.RELEASE\thymeleaf-3.0.11.RELEASE.jar;E:\JavaWeb\Maven\org\attoparser\attoparser\2.0.5.RELEASE\attoparser-2.0.5.RELEASE.jar;E:\JavaWeb\Maven\org\unbescape\unbescape\1.1.6.RELEASE\unbescape-1.1.6.RELEASE.jar;E:\JavaWeb\Maven\org\thymeleaf\extras\thymeleaf-extras-java8time\3.0.4.RELEASE\thymeleaf-extras-java8time-3.0.4.RELEASE.jar;E:\JavaWeb\Maven\org\springframework\boot\spring-boot-starter-web\2.2.2.RELEASE\spring-boot-starter-web-2.2.2.RELEASE.jar;E:\JavaWeb\Maven\org\springframework\boot\spring-boot-starter-json\2.2.2.RELEASE\spring-boot-starter-json-2.2.2.RELEASE.jar;E:\JavaWeb\Maven\com\fasterxml\jackson\core\jackson-databind\2.10.1\jackson-databind-2.10.1.jar;E:\JavaWeb\Maven\com\fasterxml\jackson\core\jackson-annotations\2.10.1\jackson-annotations-2.10.1.jar;E:\JavaWeb\Maven\com\fasterxml\jackson\core\jackson-core\2.10.1\jackson-core-2.10.1.jar;E:\JavaWeb\Maven\com\fasterxml\jackson\datatype\jackson-datatype-jdk8\2.10.1\jackson-datatype-jdk8-2.10.1.jar;E:\JavaWeb\Maven\com\fasterxml\jackson\datatype\jackson-datatype-jsr310\2.10.1\jackson-datatype-jsr310-2.10.1.jar;E:\JavaWeb\Maven\com\fasterxml\jackson\module\jackson-module-parameter-names\2.10.1\jackson-module-parameter-names-2.10.1.jar;E:\JavaWeb\Maven\org\springframework\boot\spring-boot-starter-tomcat\2.2.2.RELEASE\spring-boot-starter-tomcat-2.2.2.RELEASE.jar;E:\JavaWeb\Maven\org\apache\tomcat\embed\tomcat-embed-core\9.0.29\tomcat-embed-core-9.0.29.jar;E:\JavaWeb\Maven\org\apache\tomcat\embed\tomcat-embed-el\9.0.29\tomcat-embed-el-9.0.29.jar;E:\JavaWeb\Maven\org\apache\tomcat\embed\tomcat-embed-websocket\9.0.29\tomcat-embed-websocket-9.0.29.jar;E:\JavaWeb\Maven\org\springframework\boot\spring-boot-starter-validation\2.2.2.RELEASE\spring-boot-starter-validation-2.2.2.RELEASE.jar;E:\JavaWeb\Maven\jakarta\validation\jakarta.validation-api\2.0.1\jakarta.validation-api-2.0.1.jar;E:\JavaWeb\Maven\org\hibernate\validator\hibernate-validator\6.0.18.Final\hibernate-validator-6.0.18.Final.jar;E:\JavaWeb\Maven\org\jboss\logging\jboss-logging\3.4.1.Final\jboss-logging-3.4.1.Final.jar;E:\JavaWeb\Maven\com\fasterxml\classmate\1.5.1\classmate-1.5.1.jar;E:\JavaWeb\Maven\org\springframework\spring-web\5.2.2.RELEASE\spring-web-5.2.2.RELEASE.jar;E:\JavaWeb\Maven\org\springframework\spring-beans\5.2.2.RELEASE\spring-beans-5.2.2.RELEASE.jar;E:\JavaWeb\Maven\org\springframework\spring-webmvc\5.2.2.RELEASE\spring-webmvc-5.2.2.RELEASE.jar;E:\JavaWeb\Maven\org\springframework\spring-aop\5.2.2.RELEASE\spring-aop-5.2.2.RELEASE.jar;E:\JavaWeb\Maven\org\springframework\spring-context\5.2.2.RELEASE\spring-context-5.2.2.RELEASE.jar;E:\JavaWeb\Maven\org\springframework\spring-expression\5.2.2.RELEASE\spring-expression-5.2.2.RELEASE.jar;E:\JavaWeb\Maven\mysql\mysql-connector-java\8.0.18\mysql-connector-java-8.0.18.jar;E:\JavaWeb\Maven\org\springframework\boot\spring-boot-starter-test\2.2.2.RELEASE\spring-boot-starter-test-2.2.2.RELEASE.jar;E:\JavaWeb\Maven\org\springframework\boot\spring-boot-test\2.2.2.RELEASE\spring-boot-test-2.2.2.RELEASE.jar;E:\JavaWeb\Maven\org\springframework\boot\spring-boot-test-autoconfigure\2.2.2.RELEASE\spring-boot-test-autoconfigure-2.2.2.RELEASE.jar;E:\JavaWeb\Maven\com\jayway\jsonpath\json-path\2.4.0\json-path-2.4.0.jar;E:\JavaWeb\Maven\net\minidev\json-smart\2.3\json-smart-2.3.jar;E:\JavaWeb\Maven\net\minidev\accessors-smart\1.2\accessors-smart-1.2.jar;E:\JavaWeb\Maven\org\ow2\asm\asm\5.0.4\asm-5.0.4.jar;E:\JavaWeb\Maven\jakarta\xml\bind\jakarta.xml.bind-api\2.3.2\jakarta.xml.bind-api-2.3.2.jar;E:\JavaWeb\Maven\jakarta\activation\jakarta.activation-api\1.2.1\jakarta.activation-api-1.2.1.jar;E:\JavaWeb\Maven\org\junit\jupiter\junit-jupiter\5.5.2\junit-jupiter-5.5.2.jar;E:\JavaWeb\Maven\org\junit\jupiter\junit-jupiter-api\5.5.2\junit-jupiter-api-5.5.2.jar;E:\JavaWeb\Maven\org\apiguardian\apiguardian-api\1.1.0\apiguardian-api-1.1.0.jar;E:\JavaWeb\Maven\org\opentest4j\opentest4j\1.2.0\opentest4j-1.2.0.jar;E:\JavaWeb\Maven\org\junit\platform\junit-platform-commons\1.5.2\junit-platform-commons-1.5.2.jar;E:\JavaWeb\Maven\org\junit\jupiter\junit-jupiter-params\5.5.2\junit-jupiter-params-5.5.2.jar;E:\JavaWeb\Maven\org\junit\jupiter\junit-jupiter-engine\5.5.2\junit-jupiter-engine-5.5.2.jar;E:\JavaWeb\Maven\org\junit\platform\junit-platform-engine\1.5.2\junit-platform-engine-1.5.2.jar;E:\JavaWeb\Maven\org\mockito\mockito-junit-jupiter\3.1.0\mockito-junit-jupiter-3.1.0.jar;E:\JavaWeb\Maven\org\assertj\assertj-core\3.13.2\assertj-core-3.13.2.jar;E:\JavaWeb\Maven\org\hamcrest\hamcrest\2.1\hamcrest-2.1.jar;E:\JavaWeb\Maven\org\mockito\mockito-core\3.1.0\mockito-core-3.1.0.jar;E:\JavaWeb\Maven\net\bytebuddy\byte-buddy\1.10.4\byte-buddy-1.10.4.jar;E:\JavaWeb\Maven\net\bytebuddy\byte-buddy-agent\1.10.4\byte-buddy-agent-1.10.4.jar;E:\JavaWeb\Maven\org\objenesis\objenesis\2.6\objenesis-2.6.jar;E:\JavaWeb\Maven\org\skyscreamer\jsonassert\1.5.0\jsonassert-1.5.0.jar;E:\JavaWeb\Maven\com\vaadin\external\google\android-json\0.0.20131108.vaadin1\android-json-0.0.20131108.vaadin1.jar;E:\JavaWeb\Maven\org\springframework\spring-core\5.2.2.RELEASE\spring-core-5.2.2.RELEASE.jar;E:\JavaWeb\Maven\org\springframework\spring-jcl\5.2.2.RELEASE\spring-jcl-5.2.2.RELEASE.jar;E:\JavaWeb\Maven\org\springframework\spring-test\5.2.2.RELEASE\spring-test-5.2.2.RELEASE.jar;E:\JavaWeb\Maven\org\xmlunit\xmlunit-core\2.6.3\xmlunit-core-2.6.3.jar;E:\JavaWeb\Maven\net\sf\json-lib\json-lib\2.4\json-lib-2.4-jdk15.jar;E:\JavaWeb\Maven\commons-beanutils\commons-beanutils\1.8.0\commons-beanutils-1.8.0.jar;E:\JavaWeb\Maven\commons-collections\commons-collections\3.2.1\commons-collections-3.2.1.jar;E:\JavaWeb\Maven\commons-lang\commons-lang\2.5\commons-lang-2.5.jar;E:\JavaWeb\Maven\commons-logging\commons-logging\1.1.1\commons-logging-1.1.1.jar;E:\JavaWeb\Maven\net\sf\ezmorph\ezmorph\1.0.6\ezmorph-1.0.6.jar;E:\JavaWeb\Maven\org\springframework\boot\spring-boot-devtools\2.2.2.RELEASE\spring-boot-devtools-2.2.2.RELEASE.jar;E:\JavaWeb\Maven\org\springframework\boot\spring-boot\2.2.2.RELEASE\spring-boot-2.2.2.RELEASE.jar;E:\JavaWeb\Maven\org\springframework\boot\spring-boot-autoconfigure\2.2.2.RELEASE\spring-boot-autoconfigure-2.2.2.RELEASE.jar;E:\JavaWeb\Maven\com\baomidou\mybatis-plus-boot-starter\2.3\mybatis-plus-boot-starter-2.3.jar;E:\JavaWeb\Maven\com\baomidou\mybatis-plus\2.3\mybatis-plus-2.3.jar;E:\JavaWeb\Maven\com\baomidou\mybatis-plus-generate\2.3\mybatis-plus-generate-2.3.jar;E:\JavaWeb\Maven\org\springframework\boot\spring-boot-starter-jdbc\2.2.2.RELEASE\spring-boot-starter-jdbc-2.2.2.RELEASE.jar;E:\JavaWeb\Maven\com\zaxxer\HikariCP\3.4.1\HikariCP-3.4.1.jar;E:\JavaWeb\Maven\org\springframework\spring-jdbc\5.2.2.RELEASE\spring-jdbc-5.2.2.RELEASE.jar;E:\JavaWeb\Maven\org\springframework\spring-tx\5.2.2.RELEASE\spring-tx-5.2.2.RELEASE.jar;E:\JavaWeb\Maven\commons-codec\commons-codec\1.13\commons-codec-1.13.jar;E:\JavaWeb\Maven\org\slf4j\slf4j-nop\1.7.2\slf4j-nop-1.7.2.jar;E:\JavaWeb\Maven\org\slf4j\slf4j-api\1.7.29\slf4j-api-1.7.29.jar;E:\JavaWeb\Maven\com\baomidou\mybatis-plus-core\2.3\mybatis-plus-core-2.3.jar;E:\JavaWeb\Maven\com\baomidou\mybatis-plus-support\2.3\mybatis-plus-support-2.3.jar;E:\JavaWeb\Maven\com\github\jsqlparser\jsqlparser\1.1\jsqlparser-1.1.jar;E:\JavaWeb\Maven\org\mybatis\mybatis-spring\1.3.2\mybatis-spring-1.3.2.jar;E:\JavaWeb\Maven\org\mybatis\mybatis\3.4.6\mybatis-3.4.6.jar;E:\JavaWeb\Maven\org\apache\velocity\velocity-engine-core\2.2\velocity-engine-core-2.2.jar;E:\JavaWeb\Maven\org\apache\commons\commons-lang3\3.9\commons-lang3-3.9.jar;"/>
    <property name="sun.cpu.endian" value="little"/>
    <property name="user.home" value="C:\Users\lSHIK"/>
    <property name="user.language" value="zh"/>
    <property name="java.specification.vendor" value="Oracle Corporation"/>
    <property name="java.home" value="D:\123456\JAVA\jdk1.8.0_25\jre"/>
    <property name="basedir" value="D:\IDEA\Project\keyword"/>
    <property name="file.separator" value="\"/>
    <property name="line.separator" value="&#10;"/>
    <property name="java.vm.specification.vendor" value="Oracle Corporation"/>
    <property name="java.specification.name" value="Java Platform API Specification"/>
    <property name="java.awt.graphicsenv" value="sun.awt.Win32GraphicsEnvironment"/>
    <property name="surefire.real.class.path" value="C:\Users\lSHIK\AppData\Local\Temp\surefire8673841981297261068\surefirebooter3037432947858579600.jar"/>
    <property name="sun.boot.class.path" value="D:\123456\JAVA\jdk1.8.0_25\jre\lib\resources.jar;D:\123456\JAVA\jdk1.8.0_25\jre\lib\rt.jar;D:\123456\JAVA\jdk1.8.0_25\jre\lib\sunrsasign.jar;D:\123456\JAVA\jdk1.8.0_25\jre\lib\jsse.jar;D:\123456\JAVA\jdk1.8.0_25\jre\lib\jce.jar;D:\123456\JAVA\jdk1.8.0_25\jre\lib\charsets.jar;D:\123456\JAVA\jdk1.8.0_25\jre\lib\jfr.jar;D:\123456\JAVA\jdk1.8.0_25\jre\classes"/>
    <property name="user.script" value=""/>
    <property name="sun.management.compiler" value="HotSpot 64-Bit Tiered Compilers"/>
    <property name="java.runtime.version" value="1.8.0_25-b18"/>
    <property name="user.name" value="lSHIK"/>
    <property name="path.separator" value=";"/>
    <property name="os.version" value="6.3"/>
    <property name="java.endorsed.dirs" value="D:\123456\JAVA\jdk1.8.0_25\jre\lib\endorsed"/>
    <property name="java.runtime.name" value="Java(TM) SE Runtime Environment"/>
    <property name="file.encoding" value="GBK"/>
    <property name="java.vm.name" value="Java HotSpot(TM) 64-Bit Server VM"/>
    <property name="localRepository" value="E:\JavaWeb\Maven"/>
    <property name="java.vendor.url.bug" value="http://bugreport.sun.com/bugreport/"/>
    <property name="java.io.tmpdir" value="C:\Users\lSHIK\AppData\Local\Temp\"/>
    <property name="java.version" value="1.8.0_25"/>
    <property name="user.dir" value="D:\IDEA\Project\keyword"/>
    <property name="os.arch" value="amd64"/>
    <property name="java.vm.specification.name" value="Java Virtual Machine Specification"/>
    <property name="java.awt.printerjob" value="sun.awt.windows.WPrinterJob"/>
    <property name="idea.version2019.1.3" value="true"/>
    <property name="sun.os.patch.level" value=""/>
    <property name="java.library.path" value="D:\123456\JAVA\jdk1.8.0_25\jre\bin;C:\WINDOWS\Sun\Java\bin;C:\WINDOWS\system32;C:\WINDOWS;E:\python3.8\Scripts\;E:\python3.8\;C:\WINDOWS\system32;C:\WINDOWS;C:\WINDOWS\System32\Wbem;C:\WINDOWS\System32\WindowsPowerShell\v1.0\;C:\Program Files\MySQL\MySQL Utilities 1.6\;D:\Program Files\SQL\new\100\Tools\Binn\;D:\Program Files\SQL\100\Tools\Binn\;D:\Program Files\SQL\100\DTS\Binn\;D:\Program Files\SQL\new\100\Tools\Binn\VSShell\Common7\IDE\;D:\Program Files\SQL\new\100\DTS\Binn\;C:\WINDOWS\System32\OpenSSH\;C:\Program Files\dotnet\;C:\Program Files\Microsoft SQL Server\130\Tools\Binn\;C:\Program Files (x86)\MySQL\MySQL Server 5.5\bin;C:\Program Files (x86)\NVIDIA Corporation\PhysX\Common;C:\Program Files\Git\cmd;C:\WINDOWS\system32;C:\WINDOWS;C:\WINDOWS\System32\Wbem;C:\WINDOWS\System32\WindowsPowerShell\v1.0\;C:\WINDOWS\System32\OpenSSH\;E:\JavaWeb\apache-maven-3.6.1\bin;E:\DianZiZhao\bin;D:\123456\JAVA\jdk1.8.0_25\bin;D:\123456\JAVA\jdk1.8.0_25\jre\bin;&quot;D:\123456\JAVA\jdk1.8.0_25\bin;D:\123456\JAVA\jdk1.8.0_25\jre\bin&quot;;D:\浏览器下载\apache-jmeter-5.1.1\bin;D:\Program Files\TortoiseSVN\bin;C:\Program Files\nodejs\;D:\adb;C:\Users\lSHIK\AppData\Local\Microsoft\WindowsApps;C:\Users\lSHIK\AppData\Local\BypassRuntm;E:\DianZiZhao\bin;;D:\浏览器下载\Fiddler Web Debugger;D:\123456\Microsoft VS Code\bin;C:\Users\lSHIK\AppData\Roaming\npm;D:\123456\IDEA\IntelliJ IDEA 2019.1.3\bin;;D:\123456\PyCharm 2019.3.1\bin;;C:\Users\lSHIK\AppData\Local\Microsoft\WindowsApps;."/>
    <property name="java.vm.info" value="mixed mode"/>
    <property name="java.vendor" value="Oracle Corporation"/>
    <property name="java.vm.version" value="25.25-b02"/>
    <property name="java.ext.dirs" value="D:\123456\JAVA\jdk1.8.0_25\jre\lib\ext;C:\WINDOWS\Sun\Java\lib\ext"/>
    <property name="sun.io.unicode.encoding" value="UnicodeLittle"/>
    <property name="java.class.version" value="52.0"/>
  </properties>
  <testcase name="contextLoads" classname="com.lisk.keyword.KeywordApplicationTests" time="0.448"/>
</testsuite>